<?xml version="1.0" encoding="UTF-8"?>
<TestRun id="db0c1b4d-cde5-43a0-b348-a803687919c3" name="Admin@D03 2017-10-10 14:23:58" runUser="D03\Admin" xmlns="http://microsoft.com/schemas/VisualStudio/TeamTest/2010">
  <TestSettings name="Local" id="9d566280-59a1-456b-b459-cf21d28accde">
    <Description>These are default test settings for a local test run.</Description>
    <Deployment enabled="false" runDeploymentRoot="Admin_D03 2017-10-10 14_23_58">
      <DeploymentItem filename="C:\Users\Admin\Desktop\Calculator\BT_Calculator\bin\Debug\BT_Calculator.exe" />
    </Deployment>
    <Execution>
      <TestTypeSpecific />
      <AgentRule name="Execution Agents">
      </AgentRule>
    </Execution>
  </TestSettings>
  <Times creation="2017-10-10T14:23:58.6577795+07:00" queuing="2017-10-10T14:24:00.0638599+07:00" start="2017-10-10T14:24:00.3308752+07:00" finish="2017-10-10T14:24:58.3021910+07:00" />
  <ResultSummary outcome="Error">
    <Counters total="5" executed="3" passed="1" error="0" failed="1" timeout="0" aborted="1" inconclusive="0" passedButRunAborted="0" notRunnable="0" notExecuted="2" disconnected="0" warning="0" completed="0" inProgress="0" pending="0" />
    <RunInfos>
      <RunInfo computerName="D03" outcome="Error" timestamp="2017-10-10T14:24:58.3011909+07:00">
        <Text>Test host process exited unexpectedly.</Text>
      </RunInfo>
    </RunInfos>
  </ResultSummary>
  <TestDefinitions>
    <UnitTest name="TestNhan" storage="c:\users\admin\desktop\calculator\caculatortester\bin\debug\caculatortester.dll" id="7a548a3a-bb4c-3b0e-749f-dc7c0e0c6680">
      <Execution id="2f2898df-b1c7-441c-8b2a-7d233f50967f" />
      <TestMethod codeBase="C:/Users/Admin/Desktop/Calculator/CaculatorTester/bin/Debug/CaculatorTester.DLL" adapterTypeName="Microsoft.VisualStudio.TestTools.TestTypes.Unit.UnitTestAdapter, Microsoft.VisualStudio.QualityTools.Tips.UnitTest.Adapter, Version=10.0.0.0, Culture=neutral, PublicKeyToken=b03f5f7f11d50a3a" className="CaculatorTester.UnitTest1, CaculatorTester, Version=1.0.0.0, Culture=neutral, PublicKeyToken=null" name="TestNhan" />
    </UnitTest>
    <UnitTest name="TestCong" storage="c:\users\admin\desktop\calculator\caculatortester\bin\debug\caculatortester.dll" id="c0313f3e-181e-d6b8-f4c3-b318b2c89a1c">
      <Execution id="41978a90-2c23-41c7-8baf-30782605816d" />
      <TestMethod codeBase="C:/Users/Admin/Desktop/Calculator/CaculatorTester/bin/Debug/CaculatorTester.DLL" adapterTypeName="Microsoft.VisualStudio.TestTools.TestTypes.Unit.UnitTestAdapter, Microsoft.VisualStudio.QualityTools.Tips.UnitTest.Adapter, Version=10.0.0.0, Culture=neutral, PublicKeyToken=b03f5f7f11d50a3a" className="CaculatorTester.UnitTest1, CaculatorTester, Version=1.0.0.0, Culture=neutral, PublicKeyToken=null" name="TestCong" />
    </UnitTest>
    <UnitTest name="TestTru" storage="c:\users\admin\desktop\calculator\caculatortester\bin\debug\caculatortester.dll" id="be61a5ee-9f39-f603-99db-0eec5f262aef">
      <Execution id="7bddf999-ce35-45be-8070-f8f416b007dd" />
      <TestMethod codeBase="C:/Users/Admin/Desktop/Calculator/CaculatorTester/bin/Debug/CaculatorTester.DLL" adapterTypeName="Microsoft.VisualStudio.TestTools.TestTypes.Unit.UnitTestAdapter, Microsoft.VisualStudio.QualityTools.Tips.UnitTest.Adapter, Version=10.0.0.0, Culture=neutral, PublicKeyToken=b03f5f7f11d50a3a" className="CaculatorTester.UnitTest1, CaculatorTester, Version=1.0.0.0, Culture=neutral, PublicKeyToken=null" name="TestTru" />
    </UnitTest>
    <UnitTest name="TestMethod1" storage="c:\users\admin\desktop\calculator\caculatortester\bin\debug\caculatortester.dll" id="1488ab3d-b3c3-db00-47a5-4c2e50c79764">
      <Execution id="5f90860f-c7f8-432e-b332-b7776bd6db2e" />
      <TestMethod codeBase="C:/Users/Admin/Desktop/Calculator/CaculatorTester/bin/Debug/CaculatorTester.DLL" adapterTypeName="Microsoft.VisualStudio.TestTools.TestTypes.Unit.UnitTestAdapter, Microsoft.VisualStudio.QualityTools.Tips.UnitTest.Adapter, Version=10.0.0.0, Culture=neutral, PublicKeyToken=b03f5f7f11d50a3a" className="CaculatorTester.UnitTest1, CaculatorTester, Version=1.0.0.0, Culture=neutral, PublicKeyToken=null" name="TestMethod1" />
    </UnitTest>
    <UnitTest name="TestChia" storage="c:\users\admin\desktop\calculator\caculatortester\bin\debug\caculatortester.dll" id="89d338e0-c8b9-ae58-ac11-b6dab34e8204">
      <Execution id="33f9e447-6f1a-4b6b-a7b0-13ae3027f481" />
      <TestMethod codeBase="C:/Users/Admin/Desktop/Calculator/CaculatorTester/bin/Debug/CaculatorTester.DLL" adapterTypeName="Microsoft.VisualStudio.TestTools.TestTypes.Unit.UnitTestAdapter, Microsoft.VisualStudio.QualityTools.Tips.UnitTest.Adapter, Version=10.0.0.0, Culture=neutral, PublicKeyToken=b03f5f7f11d50a3a" className="CaculatorTester.UnitTest1, CaculatorTester, Version=1.0.0.0, Culture=neutral, PublicKeyToken=null" name="TestChia" />
    </UnitTest>
  </TestDefinitions>
  <TestLists>
    <TestList name="Results Not in a List" id="8c84fa94-04c1-424b-9868-57a2d4851a1d" />
    <TestList name="All Loaded Results" id="19431567-8539-422a-85d7-44ee4e166bda" />
  </TestLists>
  <TestEntries>
    <TestEntry testId="1488ab3d-b3c3-db00-47a5-4c2e50c79764" executionId="5f90860f-c7f8-432e-b332-b7776bd6db2e" testListId="8c84fa94-04c1-424b-9868-57a2d4851a1d" />
    <TestEntry testId="7a548a3a-bb4c-3b0e-749f-dc7c0e0c6680" executionId="2f2898df-b1c7-441c-8b2a-7d233f50967f" testListId="8c84fa94-04c1-424b-9868-57a2d4851a1d" />
    <TestEntry testId="89d338e0-c8b9-ae58-ac11-b6dab34e8204" executionId="33f9e447-6f1a-4b6b-a7b0-13ae3027f481" testListId="8c84fa94-04c1-424b-9868-57a2d4851a1d" />
    <TestEntry testId="be61a5ee-9f39-f603-99db-0eec5f262aef" executionId="7bddf999-ce35-45be-8070-f8f416b007dd" testListId="8c84fa94-04c1-424b-9868-57a2d4851a1d" />
    <TestEntry testId="c0313f3e-181e-d6b8-f4c3-b318b2c89a1c" executionId="41978a90-2c23-41c7-8baf-30782605816d" testListId="8c84fa94-04c1-424b-9868-57a2d4851a1d" />
  </TestEntries>
  <Results>
    <UnitTestResult executionId="5f90860f-c7f8-432e-b332-b7776bd6db2e" testId="1488ab3d-b3c3-db00-47a5-4c2e50c79764" testName="TestMethod1" computerName="D03" duration="00:00:33.2614945" startTime="2017-10-10T14:24:00.5948903+07:00" endTime="2017-10-10T14:24:34.8458494+07:00" testType="13cdc9d9-ddb5-4fa4-a97d-d965ccfc6d4b" outcome="Failed" testListId="8c84fa94-04c1-424b-9868-57a2d4851a1d" relativeResultsDirectory="5f90860f-c7f8-432e-b332-b7776bd6db2e">
      <Output>
        <ErrorInfo>
          <Message>Test method CaculatorTester.UnitTest1.TestMethod1 did not throw expected exception System.DivideByZeroException.</Message>
        </ErrorInfo>
      </Output>
    </UnitTestResult>
    <UnitTestResult executionId="2f2898df-b1c7-441c-8b2a-7d233f50967f" testId="7a548a3a-bb4c-3b0e-749f-dc7c0e0c6680" testName="TestNhan" computerName="D03" duration="00:00:00.0008182" startTime="2017-10-10T14:24:34.8588501+07:00" endTime="2017-10-10T14:24:34.8678506+07:00" testType="13cdc9d9-ddb5-4fa4-a97d-d965ccfc6d4b" outcome="Passed" testListId="8c84fa94-04c1-424b-9868-57a2d4851a1d" relativeResultsDirectory="2f2898df-b1c7-441c-8b2a-7d233f50967f">
    </UnitTestResult>
    <UnitTestResult executionId="33f9e447-6f1a-4b6b-a7b0-13ae3027f481" testId="89d338e0-c8b9-ae58-ac11-b6dab34e8204" testName="TestChia" computerName="D03" duration="00:00:23.4233397" startTime="2017-10-10T14:24:34.8778512+07:00" endTime="2017-10-10T14:24:58.3011909+07:00" testType="13cdc9d9-ddb5-4fa4-a97d-d965ccfc6d4b" outcome="Aborted" testListId="8c84fa94-04c1-424b-9868-57a2d4851a1d" relativeResultsDirectory="33f9e447-6f1a-4b6b-a7b0-13ae3027f481">
    </UnitTestResult>
    <UnitTestResult executionId="7bddf999-ce35-45be-8070-f8f416b007dd" testId="be61a5ee-9f39-f603-99db-0eec5f262aef" testName="TestTru" computerName="D03" testType="13cdc9d9-ddb5-4fa4-a97d-d965ccfc6d4b" outcome="NotExecuted" testListId="8c84fa94-04c1-424b-9868-57a2d4851a1d" relativeResultsDirectory="7bddf999-ce35-45be-8070-f8f416b007dd">
    </UnitTestResult>
    <UnitTestResult executionId="41978a90-2c23-41c7-8baf-30782605816d" testId="c0313f3e-181e-d6b8-f4c3-b318b2c89a1c" testName="TestCong" computerName="D03" testType="13cdc9d9-ddb5-4fa4-a97d-d965ccfc6d4b" outcome="NotExecuted" testListId="8c84fa94-04c1-424b-9868-57a2d4851a1d" relativeResultsDirectory="41978a90-2c23-41c7-8baf-30782605816d">
    </UnitTestResult>
  </Results>
</TestRun>