<?xml version="1.0" encoding="UTF-8"?>
<TestRun id="d7a6000f-bf57-4ed8-80f8-6ee2d3c7376f" name="Admin@D03 2017-10-10 14:06:45" runUser="D03\Admin" xmlns="http://microsoft.com/schemas/VisualStudio/TeamTest/2010">
  <TestSettings name="Local" id="9d566280-59a1-456b-b459-cf21d28accde">
    <Description>These are default test settings for a local test run.</Description>
    <Deployment enabled="false" runDeploymentRoot="Admin_D03 2017-10-10 14_06_45">
      <DeploymentItem filename="C:\Users\Admin\Desktop\Calculator\BT_Calculator\bin\Debug\BT_Calculator.exe" />
    </Deployment>
    <Execution>
      <TestTypeSpecific />
      <AgentRule name="Execution Agents">
      </AgentRule>
    </Execution>
  </TestSettings>
  <Times creation="2017-10-10T14:06:45.0876627+07:00" queuing="2017-10-10T14:06:45.9177102+07:00" start="2017-10-10T14:06:45.9557123+07:00" finish="2017-10-10T14:06:46.5237448+07:00" />
  <ResultSummary outcome="Failed">
    <Counters total="4" executed="4" passed="3" error="0" failed="1" timeout="0" aborted="0" inconclusive="0" passedButRunAborted="0" notRunnable="0" notExecuted="0" disconnected="0" warning="0" completed="0" inProgress="0" pending="0" />
  </ResultSummary>
  <TestDefinitions>
    <UnitTest name="TestChia" storage="c:\users\admin\desktop\calculator\caculatortester\bin\debug\caculatortester.dll" id="89d338e0-c8b9-ae58-ac11-b6dab34e8204">
      <Execution id="d144916a-e7b5-453d-812b-6427b3bf8c18" />
      <TestMethod codeBase="C:/Users/Admin/Desktop/Calculator/CaculatorTester/bin/Debug/CaculatorTester.DLL" adapterTypeName="Microsoft.VisualStudio.TestTools.TestTypes.Unit.UnitTestAdapter, Microsoft.VisualStudio.QualityTools.Tips.UnitTest.Adapter, Version=10.0.0.0, Culture=neutral, PublicKeyToken=b03f5f7f11d50a3a" className="CaculatorTester.UnitTest1, CaculatorTester, Version=1.0.0.0, Culture=neutral, PublicKeyToken=null" name="TestChia" />
    </UnitTest>
    <UnitTest name="TestCong" storage="c:\users\admin\desktop\calculator\caculatortester\bin\debug\caculatortester.dll" id="c0313f3e-181e-d6b8-f4c3-b318b2c89a1c">
      <Execution id="da45ccbc-134b-422b-8e23-8763f919238b" />
      <TestMethod codeBase="C:/Users/Admin/Desktop/Calculator/CaculatorTester/bin/Debug/CaculatorTester.DLL" adapterTypeName="Microsoft.VisualStudio.TestTools.TestTypes.Unit.UnitTestAdapter, Microsoft.VisualStudio.QualityTools.Tips.UnitTest.Adapter, Version=10.0.0.0, Culture=neutral, PublicKeyToken=b03f5f7f11d50a3a" className="CaculatorTester.UnitTest1, CaculatorTester, Version=1.0.0.0, Culture=neutral, PublicKeyToken=null" name="TestCong" />
    </UnitTest>
    <UnitTest name="TestNhan" storage="c:\users\admin\desktop\calculator\caculatortester\bin\debug\caculatortester.dll" id="7a548a3a-bb4c-3b0e-749f-dc7c0e0c6680">
      <Execution id="ebc33047-bcdf-4194-bdc5-587128cc0c1d" />
      <TestMethod codeBase="C:/Users/Admin/Desktop/Calculator/CaculatorTester/bin/Debug/CaculatorTester.DLL" adapterTypeName="Microsoft.VisualStudio.TestTools.TestTypes.Unit.UnitTestAdapter, Microsoft.VisualStudio.QualityTools.Tips.UnitTest.Adapter, Version=10.0.0.0, Culture=neutral, PublicKeyToken=b03f5f7f11d50a3a" className="CaculatorTester.UnitTest1, CaculatorTester, Version=1.0.0.0, Culture=neutral, PublicKeyToken=null" name="TestNhan" />
    </UnitTest>
    <UnitTest name="TestTru" storage="c:\users\admin\desktop\calculator\caculatortester\bin\debug\caculatortester.dll" id="be61a5ee-9f39-f603-99db-0eec5f262aef">
      <Execution id="49e17b2d-c92b-4bd6-af63-5083a43da6e9" />
      <TestMethod codeBase="C:/Users/Admin/Desktop/Calculator/CaculatorTester/bin/Debug/CaculatorTester.DLL" adapterTypeName="Microsoft.VisualStudio.TestTools.TestTypes.Unit.UnitTestAdapter, Microsoft.VisualStudio.QualityTools.Tips.UnitTest.Adapter, Version=10.0.0.0, Culture=neutral, PublicKeyToken=b03f5f7f11d50a3a" className="CaculatorTester.UnitTest1, CaculatorTester, Version=1.0.0.0, Culture=neutral, PublicKeyToken=null" name="TestTru" />
    </UnitTest>
  </TestDefinitions>
  <TestLists>
    <TestList name="Results Not in a List" id="8c84fa94-04c1-424b-9868-57a2d4851a1d" />
    <TestList name="All Loaded Results" id="19431567-8539-422a-85d7-44ee4e166bda" />
  </TestLists>
  <TestEntries>
    <TestEntry testId="7a548a3a-bb4c-3b0e-749f-dc7c0e0c6680" executionId="ebc33047-bcdf-4194-bdc5-587128cc0c1d" testListId="8c84fa94-04c1-424b-9868-57a2d4851a1d" />
    <TestEntry testId="89d338e0-c8b9-ae58-ac11-b6dab34e8204" executionId="d144916a-e7b5-453d-812b-6427b3bf8c18" testListId="8c84fa94-04c1-424b-9868-57a2d4851a1d" />
    <TestEntry testId="be61a5ee-9f39-f603-99db-0eec5f262aef" executionId="49e17b2d-c92b-4bd6-af63-5083a43da6e9" testListId="8c84fa94-04c1-424b-9868-57a2d4851a1d" />
    <TestEntry testId="c0313f3e-181e-d6b8-f4c3-b318b2c89a1c" executionId="da45ccbc-134b-422b-8e23-8763f919238b" testListId="8c84fa94-04c1-424b-9868-57a2d4851a1d" />
  </TestEntries>
  <Results>
    <UnitTestResult executionId="ebc33047-bcdf-4194-bdc5-587128cc0c1d" testId="7a548a3a-bb4c-3b0e-749f-dc7c0e0c6680" testName="TestNhan" computerName="D03" duration="00:00:00.0129010" startTime="2017-10-10T14:06:45.9737134+07:00" endTime="2017-10-10T14:06:46.3457347+07:00" testType="13cdc9d9-ddb5-4fa4-a97d-d965ccfc6d4b" outcome="Passed" testListId="8c84fa94-04c1-424b-9868-57a2d4851a1d" relativeResultsDirectory="ebc33047-bcdf-4194-bdc5-587128cc0c1d">
    </UnitTestResult>
    <UnitTestResult executionId="d144916a-e7b5-453d-812b-6427b3bf8c18" testId="89d338e0-c8b9-ae58-ac11-b6dab34e8204" testName="TestChia" computerName="D03" duration="00:00:00.0002114" startTime="2017-10-10T14:06:46.3907372+07:00" endTime="2017-10-10T14:06:46.4027379+07:00" testType="13cdc9d9-ddb5-4fa4-a97d-d965ccfc6d4b" outcome="Passed" testListId="8c84fa94-04c1-424b-9868-57a2d4851a1d" relativeResultsDirectory="d144916a-e7b5-453d-812b-6427b3bf8c18">
    </UnitTestResult>
    <UnitTestResult executionId="49e17b2d-c92b-4bd6-af63-5083a43da6e9" testId="be61a5ee-9f39-f603-99db-0eec5f262aef" testName="TestTru" computerName="D03" duration="00:00:00.0416218" startTime="2017-10-10T14:06:46.4167387+07:00" endTime="2017-10-10T14:06:46.4637414+07:00" testType="13cdc9d9-ddb5-4fa4-a97d-d965ccfc6d4b" outcome="Failed" testListId="8c84fa94-04c1-424b-9868-57a2d4851a1d" relativeResultsDirectory="49e17b2d-c92b-4bd6-af63-5083a43da6e9">
      <Output>
        <ErrorInfo>
          <Message>Assert.AreEqual failed. Expected:&lt;5&gt;. Actual:&lt;10&gt;. </Message>
          <StackTrace>   at CaculatorTester.UnitTest1.TestTru() in C:\Users\Admin\Desktop\Calculator\CaculatorTester\UnitTest1.cs:line 26
</StackTrace>
        </ErrorInfo>
      </Output>
    </UnitTestResult>
    <UnitTestResult executionId="da45ccbc-134b-422b-8e23-8763f919238b" testId="c0313f3e-181e-d6b8-f4c3-b318b2c89a1c" testName="TestCong" computerName="D03" duration="00:00:00.0002136" startTime="2017-10-10T14:06:46.4697417+07:00" endTime="2017-10-10T14:06:46.4737420+07:00" testType="13cdc9d9-ddb5-4fa4-a97d-d965ccfc6d4b" outcome="Passed" testListId="8c84fa94-04c1-424b-9868-57a2d4851a1d" relativeResultsDirectory="da45ccbc-134b-422b-8e23-8763f919238b">
    </UnitTestResult>
  </Results>
</TestRun>